c:\users\abm123456\desktop\pattern\builder pattern\computerbuilder\computerbuilder\computerbuilder\x64\debug\qrc_computerbuilder.obj
c:\users\abm123456\desktop\pattern\builder pattern\computerbuilder\computerbuilder\computerbuilder\x64\debug\moc_computerbuilder.obj
c:\users\abm123456\desktop\pattern\builder pattern\computerbuilder\computerbuilder\computerbuilder\x64\debug\vc142.pdb
c:\users\abm123456\desktop\pattern\builder pattern\computerbuilder\computerbuilder\computerbuilder\x64\debug\computerbuilder.obj
c:\users\abm123456\desktop\pattern\builder pattern\computerbuilder\computerbuilder\computerbuilder\x64\debug\main.obj
c:\users\abm123456\desktop\pattern\builder pattern\computerbuilder\computerbuilder\computerbuilder\x64\debug\lenovobuilder.obj
c:\users\abm123456\desktop\pattern\builder pattern\computerbuilder\computerbuilder\computerbuilder\x64\debug\imacbuilder.obj
c:\users\abm123456\desktop\pattern\builder pattern\computerbuilder\computerbuilder\computerbuilder\x64\debug\computer.obj
c:\users\abm123456\desktop\pattern\builder pattern\computerbuilder\computerbuilder\computerbuilder\x64\debug\director.obj
c:\users\abm123456\desktop\pattern\builder pattern\computerbuilder\computerbuilder\computerbuilder\x64\debug\builder.obj
c:\users\abm123456\desktop\pattern\builder pattern\computerbuilder\computerbuilder\computerbuilder\x64\debug\alienwarebuilder.obj
c:\users\abm123456\desktop\pattern\builder pattern\computerbuilder\computerbuilder\computerbuilder\x64\debug\uic\ui_computerbuilder.h
c:\users\abm123456\desktop\pattern\builder pattern\computerbuilder\computerbuilder\computerbuilder\x64\debug\rcc\qrc_computerbuilder.cpp
c:\users\abm123456\desktop\pattern\builder pattern\computerbuilder\computerbuilder\computerbuilder\x64\debug\moc\moc_computerbuilder.cpp
c:\users\abm123456\desktop\pattern\builder pattern\computerbuilder\computerbuilder\x64\debug\computerbuilder.exe
c:\users\abm123456\desktop\pattern\builder pattern\computerbuilder\computerbuilder\x64\debug\computerbuilder.ilk
c:\users\abm123456\desktop\pattern\builder pattern\computerbuilder\computerbuilder\x64\debug\computerbuilder.pdb
c:\users\abm123456\desktop\pattern\builder pattern\computerbuilder\computerbuilder\computerbuilder\x64\debug\computerbuilder.tlog\cl.command.1.tlog
c:\users\abm123456\desktop\pattern\builder pattern\computerbuilder\computerbuilder\computerbuilder\x64\debug\computerbuilder.tlog\cl.read.1.tlog
c:\users\abm123456\desktop\pattern\builder pattern\computerbuilder\computerbuilder\computerbuilder\x64\debug\computerbuilder.tlog\cl.write.1.tlog
c:\users\abm123456\desktop\pattern\builder pattern\computerbuilder\computerbuilder\computerbuilder\x64\debug\computerbuilder.tlog\computerbuilder.write.1u.tlog
c:\users\abm123456\desktop\pattern\builder pattern\computerbuilder\computerbuilder\computerbuilder\x64\debug\computerbuilder.tlog\link.command.1.tlog
c:\users\abm123456\desktop\pattern\builder pattern\computerbuilder\computerbuilder\computerbuilder\x64\debug\computerbuilder.tlog\link.read.1.tlog
c:\users\abm123456\desktop\pattern\builder pattern\computerbuilder\computerbuilder\computerbuilder\x64\debug\computerbuilder.tlog\link.write.1.tlog
c:\users\abm123456\desktop\pattern\builder pattern\computerbuilder\computerbuilder\computerbuilder\x64\debug\computerbuilder.tlog\moc.read.1u.tlog
c:\users\abm123456\desktop\pattern\builder pattern\computerbuilder\computerbuilder\computerbuilder\x64\debug\computerbuilder.tlog\moc.write.1u.tlog
c:\users\abm123456\desktop\pattern\builder pattern\computerbuilder\computerbuilder\computerbuilder\x64\debug\computerbuilder.tlog\rcc.read.1u.tlog
c:\users\abm123456\desktop\pattern\builder pattern\computerbuilder\computerbuilder\computerbuilder\x64\debug\computerbuilder.tlog\rcc.write.1u.tlog
c:\users\abm123456\desktop\pattern\builder pattern\computerbuilder\computerbuilder\computerbuilder\x64\debug\computerbuilder.tlog\uic.read.1u.tlog
c:\users\abm123456\desktop\pattern\builder pattern\computerbuilder\computerbuilder\computerbuilder\x64\debug\computerbuilder.tlog\uic.write.1u.tlog
